#
# There is insufficient memory for the Java Runtime Environment to continue.
# Native memory allocation (malloc) failed to allocate 404816 bytes for Chunk::new
# Possible reasons:
#   The system is out of physical RAM or swap space
#   The process is running with CompressedOops enabled, and the Java Heap may be blocking the growth of the native heap
# Possible solutions:
#   Reduce memory load on the system
#   Increase physical memory or swap space
#   Check if swap backing store is full
#   Decrease Java heap size (-Xmx/-Xms)
#   Decrease number of Java threads
#   Decrease Java thread stack sizes (-Xss)
#   Set larger code cache with -XX:ReservedCodeCacheSize=
#   JVM is running with Zero Based Compressed Oops mode in which the Java heap is
#     placed in the first 32GB address space. The Java Heap base address is the
#     maximum limit for the native heap growth. Please use -XX:HeapBaseMinAddress
#     to set the Java Heap base and to place the Java Heap above 32GB virtual address.
# This output file may be truncated or incomplete.
#
#  Out of Memory Error (./src/hotspot/share/memory/arena.cpp:197), pid=27480, tid=31056
#
# JRE version: OpenJDK Runtime Environment Temurin-11.0.14.1+1 (11.0.14.1+1) (build 11.0.14.1+1)
# Java VM: OpenJDK 64-Bit Server VM Temurin-11.0.14.1+1 (11.0.14.1+1, mixed mode, tiered, compressed oops, g1 gc, windows-amd64)
# No core dump will be written. Minidumps are not enabled by default on client versions of Windows
#

---------------  S U M M A R Y ------------

Command Line: -Dfile.encoding=UTF-8 -Dcom.android.sdklib.toolsdir=C:\Program Files\Unity\Hub\Editor\2022.3.9f1\Editor\Data\PlaybackEngines\AndroidPlayer\SDK\cmdline-tools\6.0\bin\\.. com.android.sdklib.tool.sdkmanager.SdkManagerCli --list

Host: 11th Gen Intel(R) Core(TM) i5-1135G7 @ 2.40GHz, 8 cores, 11G,  Windows 10 , 64 bit Build 19041 (10.0.19041.4842)
Time: Tue Oct  8 17:04:46 2024 Malay Peninsula Standard Time elapsed time: 0.578017 seconds (0d 0h 0m 0s)

---------------  T H R E A D  ---------------

Current thread (0x0000018926a7e800):  JavaThread "C2 CompilerThread0" daemon [_thread_in_native, id=31056, stack(0x0000000d4af00000,0x0000000d4b000000)]


Current CompileTask:
C2:    578 1102 %     4       sun.nio.fs.WindowsPathParser::normalize @ 18 (233 bytes)

Stack: [0x0000000d4af00000,0x0000000d4b000000]
Native frames: (J=compiled Java code, j=interpreted, Vv=VM code, C=native code)
V  [jvm.dll+0x61e59a]
V  [jvm.dll+0x7aaca9]
V  [jvm.dll+0x7ac398]
V  [jvm.dll+0x7aca73]
V  [jvm.dll+0x24f9b8]
V  [jvm.dll+0xc260c]
V  [jvm.dll+0xc2bcc]
V  [jvm.dll+0x359a07]
V  [jvm.dll+0x325b93]
V  [jvm.dll+0x324eca]
V  [jvm.dll+0x208c05]
V  [jvm.dll+0x207ded]
V  [jvm.dll+0x18a2c1]
V  [jvm.dll+0x217734]
V  [jvm.dll+0x21597b]
V  [jvm.dll+0x76d7c0]
V  [jvm.dll+0x766724]
V  [jvm.dll+0x61d3f6]
C  [ucrtbase.dll+0x21bb2]
C  [KERNEL32.DLL+0x17374]
C  [ntdll.dll+0x4cc91]


---------------  P R O C E S S  ---------------

Threads class SMR info:
_java_thread_list=0x0000018927362550, length=11, elements={
0x0000018904dc5800, 0x00000189269f5000, 0x00000189269f6000, 0x0000018926a76800,
0x0000018926a79800, 0x0000018926a7b000, 0x0000018926a7e800, 0x0000018926a82000,
0x0000018926a84000, 0x0000018926c0b000, 0x00000189272ca800
}

Java Threads: ( => current thread )
  0x0000018904dc5800 JavaThread "main" [_thread_in_native, id=29964, stack(0x0000000d4a300000,0x0000000d4a400000)]
  0x00000189269f5000 JavaThread "Reference Handler" daemon [_thread_blocked, id=22812, stack(0x0000000d4aa00000,0x0000000d4ab00000)]
  0x00000189269f6000 JavaThread "Finalizer" daemon [_thread_blocked, id=24252, stack(0x0000000d4ab00000,0x0000000d4ac00000)]
  0x0000018926a76800 JavaThread "Signal Dispatcher" daemon [_thread_blocked, id=32740, stack(0x0000000d4ac00000,0x0000000d4ad00000)]
  0x0000018926a79800 JavaThread "Attach Listener" daemon [_thread_blocked, id=24224, stack(0x0000000d4ad00000,0x0000000d4ae00000)]
  0x0000018926a7b000 JavaThread "Service Thread" daemon [_thread_blocked, id=17824, stack(0x0000000d4ae00000,0x0000000d4af00000)]
=>0x0000018926a7e800 JavaThread "C2 CompilerThread0" daemon [_thread_in_native, id=31056, stack(0x0000000d4af00000,0x0000000d4b000000)]
  0x0000018926a82000 JavaThread "C1 CompilerThread0" daemon [_thread_blocked, id=21380, stack(0x0000000d4b000000,0x0000000d4b100000)]
  0x0000018926a84000 JavaThread "Sweeper thread" daemon [_thread_blocked, id=21264, stack(0x0000000d4b100000,0x0000000d4b200000)]
  0x0000018926c0b000 JavaThread "Common-Cleaner" daemon [_thread_blocked, id=292, stack(0x0000000d4b300000,0x0000000d4b400000)]
  0x00000189272ca800 JavaThread "C2 CompilerThread1" daemon [_thread_blocked, id=2272, stack(0x0000000d4b400000,0x0000000d4b500000)]

Other Threads:
  0x00000189269f2800 VMThread "VM Thread" [stack: 0x0000000d4a900000,0x0000000d4aa00000] [id=2736]
  0x0000018926bff000 WatcherThread [stack: 0x0000000d4b200000,0x0000000d4b300000] [id=41296]
  0x0000018904ddd800 GCTaskThread "GC Thread#0" [stack: 0x0000000d4a400000,0x0000000d4a500000] [id=39992]
  0x0000018904e26000 ConcurrentGCThread "G1 Main Marker" [stack: 0x0000000d4a500000,0x0000000d4a600000] [id=10420]
  0x0000018904e28800 ConcurrentGCThread "G1 Conc#0" [stack: 0x0000000d4a600000,0x0000000d4a700000] [id=39984]
  0x0000018926056800 ConcurrentGCThread "G1 Refine#0" [stack: 0x0000000d4a700000,0x0000000d4a800000] [id=10408]
  0x0000018926057000 ConcurrentGCThread "G1 Young RemSet Sampling" [stack: 0x0000000d4a800000,0x0000000d4a900000] [id=29084]

Threads with active compile tasks:
C2 CompilerThread0    599 1102 %     4       sun.nio.fs.WindowsPathParser::normalize @ 18 (233 bytes)

VM state:not at safepoint (normal execution)

VM Mutex/Monitor currently owned by a thread: None

Heap address: 0x0000000744c00000, size: 2996 MB, Compressed Oops mode: Zero based, Oop shift amount: 3
Narrow klass base: 0x0000000800000000, Narrow klass shift: 0
Compressed class space size: 1073741824 Address: 0x0000000800000000

Heap:
 garbage-first heap   total 192512K, used 21504K [0x0000000744c00000, 0x0000000800000000)
  region size 1024K, 22 young (22528K), 0 survivors (0K)
 Metaspace       used 14686K, capacity 14902K, committed 15104K, reserved 1064960K
  class space    used 1375K, capacity 1477K, committed 1536K, reserved 1048576K
Heap Regions: E=young(eden), S=young(survivor), O=old, HS=humongous(starts), HC=humongous(continues), CS=collection set, F=free, A=archive, TAMS=top-at-mark-start (previous, next)
|   0|0x0000000744c00000, 0x0000000744d00000, 0x0000000744d00000|100%|HS|  |TAMS 0x0000000744c00000, 0x0000000744c00000| Complete 
|   1|0x0000000744d00000, 0x0000000744d00000, 0x0000000744e00000|  0%| F|  |TAMS 0x0000000744d00000, 0x0000000744d00000| Untracked 
|   2|0x0000000744e00000, 0x0000000744e00000, 0x0000000744f00000|  0%| F|  |TAMS 0x0000000744e00000, 0x0000000744e00000| Untracked 
|   3|0x0000000744f00000, 0x0000000744f00000, 0x0000000745000000|  0%| F|  |TAMS 0x0000000744f00000, 0x0000000744f00000| Untracked 
|   4|0x0000000745000000, 0x0000000745000000, 0x0000000745100000|  0%| F|  |TAMS 0x0000000745000000, 0x0000000745000000| Untracked 
|   5|0x0000000745100000, 0x0000000745100000, 0x0000000745200000|  0%| F|  |TAMS 0x0000000745100000, 0x0000000745100000| Untracked 
|   6|0x0000000745200000, 0x0000000745200000, 0x0000000745300000|  0%| F|  |TAMS 0x0000000745200000, 0x0000000745200000| Untracked 
|   7|0x0000000745300000, 0x0000000745300000, 0x0000000745400000|  0%| F|  |TAMS 0x0000000745300000, 0x0000000745300000| Untracked 
|   8|0x0000000745400000, 0x0000000745400000, 0x0000000745500000|  0%| F|  |TAMS 0x0000000745400000, 0x0000000745400000| Untracked 
|   9|0x0000000745500000, 0x0000000745500000, 0x0000000745600000|  0%| F|  |TAMS 0x0000000745500000, 0x0000000745500000| Untracked 
|  10|0x0000000745600000, 0x0000000745600000, 0x0000000745700000|  0%| F|  |TAMS 0x0000000745600000, 0x0000000745600000| Untracked 
|  11|0x0000000745700000, 0x0000000745700000, 0x0000000745800000|  0%| F|  |TAMS 0x0000000745700000, 0x0000000745700000| Untracked 
|  12|0x0000000745800000, 0x0000000745800000, 0x0000000745900000|  0%| F|  |TAMS 0x0000000745800000, 0x0000000745800000| Untracked 
|  13|0x0000000745900000, 0x0000000745900000, 0x0000000745a00000|  0%| F|  |TAMS 0x0000000745900000, 0x0000000745900000| Untracked 
|  14|0x0000000745a00000, 0x0000000745a00000, 0x0000000745b00000|  0%| F|  |TAMS 0x0000000745a00000, 0x0000000745a00000| Untracked 
|  15|0x0000000745b00000, 0x0000000745b00000, 0x0000000745c00000|  0%| F|  |TAMS 0x0000000745b00000, 0x0000000745b00000| Untracked 
|  16|0x0000000745c00000, 0x0000000745c00000, 0x0000000745d00000|  0%| F|  |TAMS 0x0000000745c00000, 0x0000000745c00000| Untracked 
|  17|0x0000000745d00000, 0x0000000745d00000, 0x0000000745e00000|  0%| F|  |TAMS 0x0000000745d00000, 0x0000000745d00000| Untracked 
|  18|0x0000000745e00000, 0x0000000745e00000, 0x0000000745f00000|  0%| F|  |TAMS 0x0000000745e00000, 0x0000000745e00000| Untracked 
|  19|0x0000000745f00000, 0x0000000745f00000, 0x0000000746000000|  0%| F|  |TAMS 0x0000000745f00000, 0x0000000745f00000| Untracked 
|  20|0x0000000746000000, 0x0000000746000000, 0x0000000746100000|  0%| F|  |TAMS 0x0000000746000000, 0x0000000746000000| Untracked 
|  21|0x0000000746100000, 0x0000000746100000, 0x0000000746200000|  0%| F|  |TAMS 0x0000000746100000, 0x0000000746100000| Untracked 
|  22|0x0000000746200000, 0x0000000746200000, 0x0000000746300000|  0%| F|  |TAMS 0x0000000746200000, 0x0000000746200000| Untracked 
|  23|0x0000000746300000, 0x0000000746300000, 0x0000000746400000|  0%| F|  |TAMS 0x0000000746300000, 0x0000000746300000| Untracked 
|  24|0x0000000746400000, 0x0000000746400000, 0x0000000746500000|  0%| F|  |TAMS 0x0000000746400000, 0x0000000746400000| Untracked 
|  25|0x0000000746500000, 0x0000000746500000, 0x0000000746600000|  0%| F|  |TAMS 0x0000000746500000, 0x0000000746500000| Untracked 
|  26|0x0000000746600000, 0x0000000746600000, 0x0000000746700000|  0%| F|  |TAMS 0x0000000746600000, 0x0000000746600000| Untracked 
|  27|0x0000000746700000, 0x0000000746700000, 0x0000000746800000|  0%| F|  |TAMS 0x0000000746700000, 0x0000000746700000| Untracked 
|  28|0x0000000746800000, 0x0000000746800000, 0x0000000746900000|  0%| F|  |TAMS 0x0000000746800000, 0x0000000746800000| Untracked 
|  29|0x0000000746900000, 0x0000000746900000, 0x0000000746a00000|  0%| F|  |TAMS 0x0000000746900000, 0x0000000746900000| Untracked 
|  30|0x0000000746a00000, 0x0000000746a00000, 0x0000000746b00000|  0%| F|  |TAMS 0x0000000746a00000, 0x0000000746a00000| Untracked 
|  31|0x0000000746b00000, 0x0000000746b00000, 0x0000000746c00000|  0%| F|  |TAMS 0x0000000746b00000, 0x0000000746b00000| Untracked 
|  32|0x0000000746c00000, 0x0000000746c00000, 0x0000000746d00000|  0%| F|  |TAMS 0x0000000746c00000, 0x0000000746c00000| Untracked 
|  33|0x0000000746d00000, 0x0000000746d00000, 0x0000000746e00000|  0%| F|  |TAMS 0x0000000746d00000, 0x0000000746d00000| Untracked 
|  34|0x0000000746e00000, 0x0000000746e00000, 0x0000000746f00000|  0%| F|  |TAMS 0x0000000746e00000, 0x0000000746e00000| Untracked 
|  35|0x0000000746f00000, 0x0000000746f00000, 0x0000000747000000|  0%| F|  |TAMS 0x0000000746f00000, 0x0000000746f00000| Untracked 
|  36|0x0000000747000000, 0x0000000747000000, 0x0000000747100000|  0%| F|  |TAMS 0x0000000747000000, 0x0000000747000000| Untracked 
|  37|0x0000000747100000, 0x0000000747100000, 0x0000000747200000|  0%| F|  |TAMS 0x0000000747100000, 0x0000000747100000| Untracked 
|  38|0x0000000747200000, 0x0000000747200000, 0x0000000747300000|  0%| F|  |TAMS 0x0000000747200000, 0x0000000747200000| Untracked 
|  39|0x0000000747300000, 0x0000000747300000, 0x0000000747400000|  0%| F|  |TAMS 0x0000000747300000, 0x0000000747300000| Untracked 
|  40|0x0000000747400000, 0x0000000747400000, 0x0000000747500000|  0%| F|  |TAMS 0x0000000747400000, 0x0000000747400000| Untracked 
|  41|0x0000000747500000, 0x0000000747500000, 0x0000000747600000|  0%| F|  |TAMS 0x0000000747500000, 0x0000000747500000| Untracked 
|  42|0x0000000747600000, 0x0000000747600000, 0x0000000747700000|  0%| F|  |TAMS 0x0000000747600000, 0x0000000747600000| Untracked 
|  43|0x0000000747700000, 0x0000000747700000, 0x0000000747800000|  0%| F|  |TAMS 0x0000000747700000, 0x0000000747700000| Untracked 
|  44|0x0000000747800000, 0x0000000747800000, 0x0000000747900000|  0%| F|  |TAMS 0x0000000747800000, 0x0000000747800000| Untracked 
|  45|0x0000000747900000, 0x0000000747900000, 0x0000000747a00000|  0%| F|  |TAMS 0x0000000747900000, 0x0000000747900000| Untracked 
|  46|0x0000000747a00000, 0x0000000747a00000, 0x0000000747b00000|  0%| F|  |TAMS 0x0000000747a00000, 0x0000000747a00000| Untracked 
|  47|0x0000000747b00000, 0x0000000747b00000, 0x0000000747c00000|  0%| F|  |TAMS 0x0000000747b00000, 0x0000000747b00000| Untracked 
|  48|0x0000000747c00000, 0x0000000747c00000, 0x0000000747d00000|  0%| F|  |TAMS 0x0000000747c00000, 0x0000000747c00000| Untracked 
|  49|0x0000000747d00000, 0x0000000747d00000, 0x0000000747e00000|  0%| F|  |TAMS 0x0000000747d00000, 0x0000000747d00000| Untracked 
|  50|0x0000000747e00000, 0x0000000747e00000, 0x0000000747f00000|  0%| F|  |TAMS 0x0000000747e00000, 0x0000000747e00000| Untracked 
|  51|0x0000000747f00000, 0x0000000747f00000, 0x0000000748000000|  0%| F|  |TAMS 0x0000000747f00000, 0x0000000747f00000| Untracked 
|  52|0x0000000748000000, 0x0000000748000000, 0x0000000748100000|  0%| F|  |TAMS 0x0000000748000000, 0x0000000748000000| Untracked 
|  53|0x0000000748100000, 0x0000000748100000, 0x0000000748200000|  0%| F|  |TAMS 0x0000000748100000, 0x0000000748100000| Untracked 
|  54|0x0000000748200000, 0x0000000748200000, 0x0000000748300000|  0%| F|  |TAMS 0x0000000748200000, 0x0000000748200000| Untracked 
|  55|0x0000000748300000, 0x0000000748300000, 0x0000000748400000|  0%| F|  |TAMS 0x0000000748300000, 0x0000000748300000| Untracked 
|  56|0x0000000748400000, 0x0000000748400000, 0x0000000748500000|  0%| F|  |TAMS 0x0000000748400000, 0x0000000748400000| Untracked 
|  57|0x0000000748500000, 0x0000000748500000, 0x0000000748600000|  0%| F|  |TAMS 0x0000000748500000, 0x0000000748500000| Untracked 
|  58|0x0000000748600000, 0x0000000748600000, 0x0000000748700000|  0%| F|  |TAMS 0x0000000748600000, 0x0000000748600000| Untracked 
|  59|0x0000000748700000, 0x0000000748700000, 0x0000000748800000|  0%| F|  |TAMS 0x0000000748700000, 0x0000000748700000| Untracked 
|  60|0x0000000748800000, 0x0000000748800000, 0x0000000748900000|  0%| F|  |TAMS 0x0000000748800000, 0x0000000748800000| Untracked 
|  61|0x0000000748900000, 0x0000000748900000, 0x0000000748a00000|  0%| F|  |TAMS 0x0000000748900000, 0x0000000748900000| Untracked 
|  62|0x0000000748a00000, 0x0000000748a00000, 0x0000000748b00000|  0%| F|  |TAMS 0x0000000748a00000, 0x0000000748a00000| Untracked 
|  63|0x0000000748b00000, 0x0000000748b00000, 0x0000000748c00000|  0%| F|  |TAMS 0x0000000748b00000, 0x0000000748b00000| Untracked 
|  64|0x0000000748c00000, 0x0000000748c00000, 0x0000000748d00000|  0%| F|  |TAMS 0x0000000748c00000, 0x0000000748c00000| Untracked 
|  65|0x0000000748d00000, 0x0000000748d00000, 0x0000000748e00000|  0%| F|  |TAMS 0x0000000748d00000, 0x0000000748d00000| Untracked 
|  66|0x0000000748e00000, 0x0000000748e00000, 0x0000000748f00000|  0%| F|  |TAMS 0x0000000748e00000, 0x0000000748e00000| Untracked 
|  67|0x0000000748f00000, 0x0000000748f00000, 0x0000000749000000|  0%| F|  |TAMS 0x0000000748f00000, 0x0000000748f00000| Untracked 
|  68|0x0000000749000000, 0x0000000749000000, 0x0000000749100000|  0%| F|  |TAMS 0x0000000749000000, 0x0000000749000000| Untracked 
|  69|0x0000000749100000, 0x0000000749100000, 0x0000000749200000|  0%| F|  |TAMS 0x0000000749100000, 0x0000000749100000| Untracked 
|  70|0x0000000749200000, 0x0000000749200000, 0x0000000749300000|  0%| F|  |TAMS 0x0000000749200000, 0x0000000749200000| Untracked 
|  71|0x0000000749300000, 0x0000000749300000, 0x0000000749400000|  0%| F|  |TAMS 0x0000000749300000, 0x0000000749300000| Untracked 
|  72|0x0000000749400000, 0x0000000749400000, 0x0000000749500000|  0%| F|  |TAMS 0x0000000749400000, 0x0000000749400000| Untracked 
|  73|0x0000000749500000, 0x0000000749500000, 0x0000000749600000|  0%| F|  |TAMS 0x0000000749500000, 0x0000000749500000| Untracked 
|  74|0x0000000749600000, 0x0000000749600000, 0x0000000749700000|  0%| F|  |TAMS 0x0000000749600000, 0x0000000749600000| Untracked 
|  75|0x0000000749700000, 0x0000000749700000, 0x0000000749800000|  0%| F|  |TAMS 0x0000000749700000, 0x0000000749700000| Untracked 
|  76|0x0000000749800000, 0x0000000749800000, 0x0000000749900000|  0%| F|  |TAMS 0x0000000749800000, 0x0000000749800000| Untracked 
|  77|0x0000000749900000, 0x0000000749900000, 0x0000000749a00000|  0%| F|  |TAMS 0x0000000749900000, 0x0000000749900000| Untracked 
|  78|0x0000000749a00000, 0x0000000749a00000, 0x0000000749b00000|  0%| F|  |TAMS 0x0000000749a00000, 0x0000000749a00000| Untracked 
|  79|0x0000000749b00000, 0x0000000749b00000, 0x0000000749c00000|  0%| F|  |TAMS 0x0000000749b00000, 0x0000000749b00000| Untracked 
|  80|0x0000000749c00000, 0x0000000749c00000, 0x0000000749d00000|  0%| F|  |TAMS 0x0000000749c00000, 0x0000000749c00000| Untracked 
|  81|0x0000000749d00000, 0x0000000749d00000, 0x0000000749e00000|  0%| F|  |TAMS 0x0000000749d00000, 0x0000000749d00000| Untracked 
|  82|0x0000000749e00000, 0x0000000749e00000, 0x0000000749f00000|  0%| F|  |TAMS 0x0000000749e00000, 0x0000000749e00000| Untracked 
|  83|0x0000000749f00000, 0x0000000749f00000, 0x000000074a000000|  0%| F|  |TAMS 0x0000000749f00000, 0x0000000749f00000| Untracked 
|  84|0x000000074a000000, 0x000000074a000000, 0x000000074a100000|  0%| F|  |TAMS 0x000000074a000000, 0x000000074a000000| Untracked 
|  85|0x000000074a100000, 0x000000074a100000, 0x000000074a200000|  0%| F|  |TAMS 0x000000074a100000, 0x000000074a100000| Untracked 
|  86|0x000000074a200000, 0x000000074a200000, 0x000000074a300000|  0%| F|  |TAMS 0x000000074a200000, 0x000000074a200000| Untracked 
|  87|0x000000074a300000, 0x000000074a300000, 0x000000074a400000|  0%| F|  |TAMS 0x000000074a300000, 0x000000074a300000| Untracked 
|  88|0x000000074a400000, 0x000000074a400000, 0x000000074a500000|  0%| F|  |TAMS 0x000000074a400000, 0x000000074a400000| Untracked 
|  89|0x000000074a500000, 0x000000074a500000, 0x000000074a600000|  0%| F|  |TAMS 0x000000074a500000, 0x000000074a500000| Untracked 
|  90|0x000000074a600000, 0x000000074a600000, 0x000000074a700000|  0%| F|  |TAMS 0x000000074a600000, 0x000000074a600000| Untracked 
|  91|0x000000074a700000, 0x000000074a700000, 0x000000074a800000|  0%| F|  |TAMS 0x000000074a700000, 0x000000074a700000| Untracked 
|  92|0x000000074a800000, 0x000000074a800000, 0x000000074a900000|  0%| F|  |TAMS 0x000000074a800000, 0x000000074a800000| Untracked 
|  93|0x000000074a900000, 0x000000074a900000, 0x000000074aa00000|  0%| F|  |TAMS 0x000000074a900000, 0x000000074a900000| Untracked 
|  94|0x000000074aa00000, 0x000000074aa00000, 0x000000074ab00000|  0%| F|  |TAMS 0x000000074aa00000, 0x000000074aa00000| Untracked 
|  95|0x000000074ab00000, 0x000000074ab00000, 0x000000074ac00000|  0%| F|  |TAMS 0x000000074ab00000, 0x000000074ab00000| Untracked 
|  96|0x000000074ac00000, 0x000000074ac00000, 0x000000074ad00000|  0%| F|  |TAMS 0x000000074ac00000, 0x000000074ac00000| Untracked 
|  97|0x000000074ad00000, 0x000000074ad00000, 0x000000074ae00000|  0%| F|  |TAMS 0x000000074ad00000, 0x000000074ad00000| Untracked 
|  98|0x000000074ae00000, 0x000000074ae00000, 0x000000074af00000|  0%| F|  |TAMS 0x000000074ae00000, 0x000000074ae00000| Untracked 
|  99|0x000000074af00000, 0x000000074af00000, 0x000000074b000000|  0%| F|  |TAMS 0x000000074af00000, 0x000000074af00000| Untracked 
| 100|0x000000074b000000, 0x000000074b000000, 0x000000074b100000|  0%| F|  |TAMS 0x000000074b000000, 0x000000074b000000| Untracked 
| 101|0x000000074b100000, 0x000000074b100000, 0x000000074b200000|  0%| F|  |TAMS 0x000000074b100000, 0x000000074b100000| Untracked 
| 102|0x000000074b200000, 0x000000074b200000, 0x000000074b300000|  0%| F|  |TAMS 0x000000074b200000, 0x000000074b200000| Untracked 
| 103|0x000000074b300000, 0x000000074b300000, 0x000000074b400000|  0%| F|  |TAMS 0x000000074b300000, 0x000000074b300000| Untracked 
| 104|0x000000074b400000, 0x000000074b400000, 0x000000074b500000|  0%| F|  |TAMS 0x000000074b400000, 0x000000074b400000| Untracked 
| 105|0x000000074b500000, 0x000000074b500000, 0x000000074b600000|  0%| F|  |TAMS 0x000000074b500000, 0x000000074b500000| Untracked 
| 106|0x000000074b600000, 0x000000074b600000, 0x000000074b700000|  0%| F|  |TAMS 0x000000074b600000, 0x000000074b600000| Untracked 
| 107|0x000000074b700000, 0x000000074b700000, 0x000000074b800000|  0%| F|  |TAMS 0x000000074b700000, 0x000000074b700000| Untracked 
| 108|0x000000074b800000, 0x000000074b800000, 0x000000074b900000|  0%| F|  |TAMS 0x000000074b800000, 0x000000074b800000| Untracked 
| 109|0x000000074b900000, 0x000000074b900000, 0x000000074ba00000|  0%| F|  |TAMS 0x000000074b900000, 0x000000074b900000| Untracked 
| 110|0x000000074ba00000, 0x000000074ba00000, 0x000000074bb00000|  0%| F|  |TAMS 0x000000074ba00000, 0x000000074ba00000| Untracked 
| 111|0x000000074bb00000, 0x000000074bb00000, 0x000000074bc00000|  0%| F|  |TAMS 0x000000074bb00000, 0x000000074bb00000| Untracked 
| 112|0x000000074bc00000, 0x000000074bc00000, 0x000000074bd00000|  0%| F|  |TAMS 0x000000074bc00000, 0x000000074bc00000| Untracked 
| 113|0x000000074bd00000, 0x000000074bd00000, 0x000000074be00000|  0%| F|  |TAMS 0x000000074bd00000, 0x000000074bd00000| Untracked 
| 114|0x000000074be00000, 0x000000074be00000, 0x000000074bf00000|  0%| F|  |TAMS 0x000000074be00000, 0x000000074be00000| Untracked 
| 115|0x000000074bf00000, 0x000000074bf00000, 0x000000074c000000|  0%| F|  |TAMS 0x000000074bf00000, 0x000000074bf00000| Untracked 
| 116|0x000000074c000000, 0x000000074c000000, 0x000000074c100000|  0%| F|  |TAMS 0x000000074c000000, 0x000000074c000000| Untracked 
| 117|0x000000074c100000, 0x000000074c100000, 0x000000074c200000|  0%| F|  |TAMS 0x000000074c100000, 0x000000074c100000| Untracked 
| 118|0x000000074c200000, 0x000000074c200000, 0x000000074c300000|  0%| F|  |TAMS 0x000000074c200000, 0x000000074c200000| Untracked 
| 119|0x000000074c300000, 0x000000074c300000, 0x000000074c400000|  0%| F|  |TAMS 0x000000074c300000, 0x000000074c300000| Untracked 
| 120|0x000000074c400000, 0x000000074c400000, 0x000000074c500000|  0%| F|  |TAMS 0x000000074c400000, 0x000000074c400000| Untracked 
| 121|0x000000074c500000, 0x000000074c500000, 0x000000074c600000|  0%| F|  |TAMS 0x000000074c500000, 0x000000074c500000| Untracked 
| 122|0x000000074c600000, 0x000000074c600000, 0x000000074c700000|  0%| F|  |TAMS 0x000000074c600000, 0x000000074c600000| Untracked 
| 123|0x000000074c700000, 0x000000074c700000, 0x000000074c800000|  0%| F|  |TAMS 0x000000074c700000, 0x000000074c700000| Untracked 
| 124|0x000000074c800000, 0x000000074c800000, 0x000000074c900000|  0%| F|  |TAMS 0x000000074c800000, 0x000000074c800000| Untracked 
| 125|0x000000074c900000, 0x000000074c900000, 0x000000074ca00000|  0%| F|  |TAMS 0x000000074c900000, 0x000000074c900000| Untracked 
| 126|0x000000074ca00000, 0x000000074ca00000, 0x000000074cb00000|  0%| F|  |TAMS 0x000000074ca00000, 0x000000074ca00000| Untracked 
| 127|0x000000074cb00000, 0x000000074cb00000, 0x000000074cc00000|  0%| F|  |TAMS 0x000000074cb00000, 0x000000074cb00000| Untracked 
| 128|0x000000074cc00000, 0x000000074cc00000, 0x000000074cd00000|  0%| F|  |TAMS 0x000000074cc00000, 0x000000074cc00000| Untracked 
| 129|0x000000074cd00000, 0x000000074cd00000, 0x000000074ce00000|  0%| F|  |TAMS 0x000000074cd00000, 0x000000074cd00000| Untracked 
| 130|0x000000074ce00000, 0x000000074ce00000, 0x000000074cf00000|  0%| F|  |TAMS 0x000000074ce00000, 0x000000074ce00000| Untracked 
| 131|0x000000074cf00000, 0x000000074cf00000, 0x000000074d000000|  0%| F|  |TAMS 0x000000074cf00000, 0x000000074cf00000| Untracked 
| 132|0x000000074d000000, 0x000000074d000000, 0x000000074d100000|  0%| F|  |TAMS 0x000000074d000000, 0x000000074d000000| Untracked 
| 133|0x000000074d100000, 0x000000074d100000, 0x000000074d200000|  0%| F|  |TAMS 0x000000074d100000, 0x000000074d100000| Untracked 
| 134|0x000000074d200000, 0x000000074d200000, 0x000000074d300000|  0%| F|  |TAMS 0x000000074d200000, 0x000000074d200000| Untracked 
| 135|0x000000074d300000, 0x000000074d300000, 0x000000074d400000|  0%| F|  |TAMS 0x000000074d300000, 0x000000074d300000| Untracked 
| 136|0x000000074d400000, 0x000000074d400000, 0x000000074d500000|  0%| F|  |TAMS 0x000000074d400000, 0x000000074d400000| Untracked 
| 137|0x000000074d500000, 0x000000074d500000, 0x000000074d600000|  0%| F|  |TAMS 0x000000074d500000, 0x000000074d500000| Untracked 
| 138|0x000000074d600000, 0x000000074d600000, 0x000000074d700000|  0%| F|  |TAMS 0x000000074d600000, 0x000000074d600000| Untracked 
| 139|0x000000074d700000, 0x000000074d700000, 0x000000074d800000|  0%| F|  |TAMS 0x000000074d700000, 0x000000074d700000| Untracked 
| 140|0x000000074d800000, 0x000000074d800000, 0x000000074d900000|  0%| F|  |TAMS 0x000000074d800000, 0x000000074d800000| Untracked 
| 141|0x000000074d900000, 0x000000074d900000, 0x000000074da00000|  0%| F|  |TAMS 0x000000074d900000, 0x000000074d900000| Untracked 
| 142|0x000000074da00000, 0x000000074da00000, 0x000000074db00000|  0%| F|  |TAMS 0x000000074da00000, 0x000000074da00000| Untracked 
| 143|0x000000074db00000, 0x000000074db00000, 0x000000074dc00000|  0%| F|  |TAMS 0x000000074db00000, 0x000000074db00000| Untracked 
| 144|0x000000074dc00000, 0x000000074dc00000, 0x000000074dd00000|  0%| F|  |TAMS 0x000000074dc00000, 0x000000074dc00000| Untracked 
| 145|0x000000074dd00000, 0x000000074dd00000, 0x000000074de00000|  0%| F|  |TAMS 0x000000074dd00000, 0x000000074dd00000| Untracked 
| 146|0x000000074de00000, 0x000000074de00000, 0x000000074df00000|  0%| F|  |TAMS 0x000000074de00000, 0x000000074de00000| Untracked 
| 147|0x000000074df00000, 0x000000074df00000, 0x000000074e000000|  0%| F|  |TAMS 0x000000074df00000, 0x000000074df00000| Untracked 
| 148|0x000000074e000000, 0x000000074e000000, 0x000000074e100000|  0%| F|  |TAMS 0x000000074e000000, 0x000000074e000000| Untracked 
| 149|0x000000074e100000, 0x000000074e100000, 0x000000074e200000|  0%| F|  |TAMS 0x000000074e100000, 0x000000074e100000| Untracked 
| 150|0x000000074e200000, 0x000000074e200000, 0x000000074e300000|  0%| F|  |TAMS 0x000000074e200000, 0x000000074e200000| Untracked 
| 151|0x000000074e300000, 0x000000074e300000, 0x000000074e400000|  0%| F|  |TAMS 0x000000074e300000, 0x000000074e300000| Untracked 
| 152|0x000000074e400000, 0x000000074e400000, 0x000000074e500000|  0%| F|  |TAMS 0x000000074e400000, 0x000000074e400000| Untracked 
| 153|0x000000074e500000, 0x000000074e500000, 0x000000074e600000|  0%| F|  |TAMS 0x000000074e500000, 0x000000074e500000| Untracked 
| 154|0x000000074e600000, 0x000000074e600000, 0x000000074e700000|  0%| F|  |TAMS 0x000000074e600000, 0x000000074e600000| Untracked 
| 155|0x000000074e700000, 0x000000074e700000, 0x000000074e800000|  0%| F|  |TAMS 0x000000074e700000, 0x000000074e700000| Untracked 
| 156|0x000000074e800000, 0x000000074e800000, 0x000000074e900000|  0%| F|  |TAMS 0x000000074e800000, 0x000000074e800000| Untracked 
| 157|0x000000074e900000, 0x000000074e900000, 0x000000074ea00000|  0%| F|  |TAMS 0x000000074e900000, 0x000000074e900000| Untracked 
| 158|0x000000074ea00000, 0x000000074ea00000, 0x000000074eb00000|  0%| F|  |TAMS 0x000000074ea00000, 0x000000074ea00000| Untracked 
| 159|0x000000074eb00000, 0x000000074eb00000, 0x000000074ec00000|  0%| F|  |TAMS 0x000000074eb00000, 0x000000074eb00000| Untracked 
| 160|0x000000074ec00000, 0x000000074ec00000, 0x000000074ed00000|  0%| F|  |TAMS 0x000000074ec00000, 0x000000074ec00000| Untracked 
| 161|0x000000074ed00000, 0x000000074ed00000, 0x000000074ee00000|  0%| F|  |TAMS 0x000000074ed00000, 0x000000074ed00000| Untracked 
| 162|0x000000074ee00000, 0x000000074ee00000, 0x000000074ef00000|  0%| F|  |TAMS 0x000000074ee00000, 0x000000074ee00000| Untracked 
| 163|0x000000074ef00000, 0x000000074ef00000, 0x000000074f000000|  0%| F|  |TAMS 0x000000074ef00000, 0x000000074ef00000| Untracked 
| 164|0x000000074f000000, 0x000000074f000000, 0x000000074f100000|  0%| F|  |TAMS 0x000000074f000000, 0x000000074f000000| Untracked 
| 165|0x000000074f100000, 0x000000074f100000, 0x000000074f200000|  0%| F|  |TAMS 0x000000074f100000, 0x000000074f100000| Untracked 
| 166|0x000000074f200000, 0x000000074f2f85c0, 0x000000074f300000| 97%| E|  |TAMS 0x000000074f200000, 0x000000074f200000| Complete 
| 167|0x000000074f300000, 0x000000074f400000, 0x000000074f400000|100%| E|CS|TAMS 0x000000074f300000, 0x000000074f300000| Complete 
| 168|0x000000074f400000, 0x000000074f500000, 0x000000074f500000|100%| E|CS|TAMS 0x000000074f400000, 0x000000074f400000| Complete 
| 169|0x000000074f500000, 0x000000074f600000, 0x000000074f600000|100%| E|CS|TAMS 0x000000074f500000, 0x000000074f500000| Complete 
| 170|0x000000074f600000, 0x000000074f700000, 0x000000074f700000|100%| E|CS|TAMS 0x000000074f600000, 0x000000074f600000| Complete 
| 171|0x000000074f700000, 0x000000074f800000, 0x000000074f800000|100%| E|CS|TAMS 0x000000074f700000, 0x000000074f700000| Complete 
| 172|0x000000074f800000, 0x000000074f900000, 0x000000074f900000|100%| E|CS|TAMS 0x000000074f800000, 0x000000074f800000| Complete 
| 173|0x000000074f900000, 0x000000074fa00000, 0x000000074fa00000|100%| E|CS|TAMS 0x000000074f900000, 0x000000074f900000| Complete 
| 174|0x000000074fa00000, 0x000000074fb00000, 0x000000074fb00000|100%| E|CS|TAMS 0x000000074fa00000, 0x000000074fa00000| Complete 
| 175|0x000000074fb00000, 0x000000074fc00000, 0x000000074fc00000|100%| E|CS|TAMS 0x000000074fb00000, 0x000000074fb00000| Complete 
| 176|0x000000074fc00000, 0x000000074fd00000, 0x000000074fd00000|100%| E|CS|TAMS 0x000000074fc00000, 0x000000074fc00000| Complete 
| 177|0x000000074fd00000, 0x000000074fe00000, 0x000000074fe00000|100%| E|CS|TAMS 0x000000074fd00000, 0x000000074fd00000| Complete 
| 178|0x000000074fe00000, 0x000000074ff00000, 0x000000074ff00000|100%| E|CS|TAMS 0x000000074fe00000, 0x000000074fe00000| Complete 
| 179|0x000000074ff00000, 0x0000000750000000, 0x0000000750000000|100%| E|CS|TAMS 0x000000074ff00000, 0x000000074ff00000| Complete 
| 180|0x0000000750000000, 0x0000000750100000, 0x0000000750100000|100%| E|  |TAMS 0x0000000750000000, 0x0000000750000000| Complete 
| 181|0x0000000750100000, 0x0000000750200000, 0x0000000750200000|100%| E|CS|TAMS 0x0000000750100000, 0x0000000750100000| Complete 
| 182|0x0000000750200000, 0x0000000750300000, 0x0000000750300000|100%| E|CS|TAMS 0x0000000750200000, 0x0000000750200000| Complete 
| 183|0x0000000750300000, 0x0000000750400000, 0x0000000750400000|100%| E|CS|TAMS 0x0000000750300000, 0x0000000750300000| Complete 
| 184|0x0000000750400000, 0x0000000750500000, 0x0000000750500000|100%| E|CS|TAMS 0x0000000750400000, 0x0000000750400000| Complete 
| 185|0x0000000750500000, 0x0000000750600000, 0x0000000750600000|100%| E|CS|TAMS 0x0000000750500000, 0x0000000750500000| Complete 
| 186|0x0000000750600000, 0x0000000750700000, 0x0000000750700000|100%| E|CS|TAMS 0x0000000750600000, 0x0000000750600000| Complete 
| 187|0x0000000750700000, 0x0000000750800000, 0x0000000750800000|100%| E|CS|TAMS 0x0000000750700000, 0x0000000750700000| Complete 

Card table byte_map: [0x000001891ce10000,0x000001891d3f0000] _byte_map_base: 0x00000189193ea000

Marking Bits (Prev, Next): (CMBitMap*) 0x0000018904e19938, (CMBitMap*) 0x0000018904e19970
 Prev Bits: [0x000001891d9d0000, 0x00000189208a0000)
 Next Bits: [0x00000189208a0000, 0x0000018923770000)

Polling page: 0x0000018902da0000

Metaspace:

Usage:
  Non-class:     13.17 MB capacity,    13.03 MB ( 99%) used,   119.22 KB ( <1%) free+waste,    22.00 KB ( <1%) overhead. 
      Class:      1.44 MB capacity,     1.35 MB ( 93%) used,    87.14 KB (  6%) free+waste,     9.69 KB ( <1%) overhead. 
       Both:     14.62 MB capacity,    14.38 MB ( 98%) used,   206.36 KB (  1%) free+waste,    31.69 KB ( <1%) overhead. 

Virtual space:
  Non-class space:       16.00 MB reserved,      13.25 MB ( 83%) committed 
      Class space:        1.00 GB reserved,       1.50 MB ( <1%) committed 
             Both:        1.02 GB reserved,      14.75 MB (  1%) committed 

Chunk freelists:
   Non-Class:  15.00 KB
       Class:  27.00 KB
        Both:  42.00 KB

MaxMetaspaceSize: 17179869184.00 GB
CompressedClassSpaceSize: 1.00 GB
Initial GC threshold: 20.80 MB
Current GC threshold: 20.80 MB
CDS: off

CodeHeap 'non-profiled nmethods': size=120000Kb used=347Kb max_used=347Kb free=119652Kb
 bounds [0x0000018914fd0000, 0x0000018915240000, 0x000001891c500000]
CodeHeap 'profiled nmethods': size=120000Kb used=2361Kb max_used=2361Kb free=117638Kb
 bounds [0x000001890daa0000, 0x000001890dd10000, 0x0000018914fd0000]
CodeHeap 'non-nmethods': size=5760Kb used=1175Kb max_used=1188Kb free=4584Kb
 bounds [0x000001890d500000, 0x000001890d770000, 0x000001890daa0000]
 total_blobs=1592 nmethods=1166 adapters=339
 compilation: enabled
              stopped_count=0, restarted_count=0
 full_count=0

Compilation events (20 events):
Event: 0.568 Thread 0x0000018926a82000 1118       3       jdk.internal.reflect.ClassFileAssembler::cpi (22 bytes)
Event: 0.568 Thread 0x0000018926a82000 nmethod 1118 0x000001890dcc9490 code [0x000001890dcc9660, 0x000001890dcc9868]
Event: 0.568 Thread 0x00000189272ca800 nmethod 1098 0x0000018915023990 code [0x0000018915023b60, 0x0000018915024298]
Event: 0.571 Thread 0x0000018926a82000 1119       3       java.nio.Buffer::remaining (20 bytes)
Event: 0.571 Thread 0x0000018926a82000 nmethod 1119 0x000001890dcc9910 code [0x000001890dcc9ac0, 0x000001890dcc9c18]
Event: 0.571 Thread 0x0000018926a82000 1120       3       java.nio.ByteBuffer::flip (7 bytes)
Event: 0.571 Thread 0x0000018926a82000 nmethod 1120 0x000001890dcc9c90 code [0x000001890dcc9e40, 0x000001890dcc9fb8]
Event: 0.572 Thread 0x0000018926a82000 1121       3       java.util.concurrent.ConcurrentHashMap$Traverser::advance (188 bytes)
Event: 0.573 Thread 0x0000018926a82000 nmethod 1121 0x000001890dcca090 code [0x000001890dcca300, 0x000001890dccb138]
Event: 0.573 Thread 0x0000018926a82000 1123       3       java.nio.ByteBuffer::position (6 bytes)
Event: 0.573 Thread 0x0000018926a82000 nmethod 1123 0x000001890dccb410 code [0x000001890dccb5c0, 0x000001890dccb788]
Event: 0.573 Thread 0x0000018926a82000 1122       3       java.util.regex.ASCII::isDigit (18 bytes)
Event: 0.573 Thread 0x0000018926a82000 nmethod 1122 0x000001890dccb810 code [0x000001890dccb9c0, 0x000001890dccbb18]
Event: 0.573 Thread 0x0000018926a82000 1124       3       java.util.regex.Pattern::RemoveQEQuoting (346 bytes)
Event: 0.574 Thread 0x00000189272ca800 1130       4       java.util.regex.Pattern::has (15 bytes)
Event: 0.574 Thread 0x00000189272ca800 nmethod 1130 0x0000018915024710 code [0x00000189150248a0, 0x0000018915024918]
Event: 0.574 Thread 0x0000018926a82000 nmethod 1124 0x000001890dccbb90 code [0x000001890dccbe40, 0x000001890dcccfb8]
Event: 0.574 Thread 0x0000018926a82000 1127       3       java.util.regex.Pattern::atom (422 bytes)
Event: 0.576 Thread 0x0000018926a82000 nmethod 1127 0x000001890dccd590 code [0x000001890dccda20, 0x000001890dcd0578]
Event: 0.576 Thread 0x0000018926a82000 1128       3       java.util.regex.Pattern::sequence (645 bytes)

GC Heap History (0 events):
No events

Deoptimization events (20 events):
Event: 0.108 Thread 0x0000018904dc5800 DEOPT PACKING pc=0x000001890dac29cb sp=0x0000000d4a3f8010
Event: 0.108 Thread 0x0000018904dc5800 DEOPT UNPACKING pc=0x000001890d549d0e sp=0x0000000d4a3f74e0 mode 0
Event: 0.108 Thread 0x0000018904dc5800 DEOPT PACKING pc=0x000001890dac29cb sp=0x0000000d4a3f8010
Event: 0.108 Thread 0x0000018904dc5800 DEOPT UNPACKING pc=0x000001890d549d0e sp=0x0000000d4a3f74e0 mode 0
Event: 0.109 Thread 0x0000018904dc5800 DEOPT PACKING pc=0x000001890dac29cb sp=0x0000000d4a3f8010
Event: 0.109 Thread 0x0000018904dc5800 DEOPT UNPACKING pc=0x000001890d549d0e sp=0x0000000d4a3f74e0 mode 0
Event: 0.109 Thread 0x0000018904dc5800 DEOPT PACKING pc=0x000001890dac29cb sp=0x0000000d4a3f8010
Event: 0.109 Thread 0x0000018904dc5800 DEOPT UNPACKING pc=0x000001890d549d0e sp=0x0000000d4a3f74e0 mode 0
Event: 0.196 Thread 0x0000018904dc5800 DEOPT PACKING pc=0x000001890dae73c2 sp=0x0000000d4a3fd820
Event: 0.196 Thread 0x0000018904dc5800 DEOPT UNPACKING pc=0x000001890d549d0e sp=0x0000000d4a3fcc88 mode 0
Event: 0.377 Thread 0x0000018904dc5800 Uncommon trap: trap_request=0xffffff4d fr.pc=0x0000018914fdfa80 relative=0x0000000000000060
Event: 0.377 Thread 0x0000018904dc5800 Uncommon trap: reason=unstable_if action=reinterpret pc=0x0000018914fdfa80 method=java.io.WinNTFileSystem.isSlash(C)Z @ 9 c2
Event: 0.377 Thread 0x0000018904dc5800 DEOPT PACKING pc=0x0000018914fdfa80 sp=0x0000000d4a3fccd0
Event: 0.377 Thread 0x0000018904dc5800 DEOPT UNPACKING pc=0x000001890d5085af sp=0x0000000d4a3fcc58 mode 2
Event: 0.514 Thread 0x0000018904dc5800 DEOPT PACKING pc=0x000001890db9275b sp=0x0000000d4a3fe450
Event: 0.514 Thread 0x0000018904dc5800 DEOPT UNPACKING pc=0x000001890d549d0e sp=0x0000000d4a3fd8c8 mode 0
Event: 0.522 Thread 0x0000018904dc5800 Uncommon trap: trap_request=0xffffff4d fr.pc=0x000001891500a370 relative=0x00000000000001d0
Event: 0.522 Thread 0x0000018904dc5800 Uncommon trap: reason=unstable_if action=reinterpret pc=0x000001891500a370 method=java.lang.String.startsWith(Ljava/lang/String;I)Z @ 1 c2
Event: 0.522 Thread 0x0000018904dc5800 DEOPT PACKING pc=0x000001891500a370 sp=0x0000000d4a3fb850
Event: 0.522 Thread 0x0000018904dc5800 DEOPT UNPACKING pc=0x000001890d5085af sp=0x0000000d4a3fb7c0 mode 2

Classes redefined (0 events):
No events

Internal exceptions (20 events):
Event: 0.567 Thread 0x0000018904dc5800 Exception <a 'sun/nio/fs/WindowsException'{0x000000074f30a5a0}> (0x000000074f30a5a0) thrown at [./src/hotspot/share/prims/jni.cpp, line 616]
Event: 0.567 Thread 0x0000018904dc5800 Exception <a 'sun/nio/fs/WindowsException'{0x000000074f30b298}> (0x000000074f30b298) thrown at [./src/hotspot/share/prims/jni.cpp, line 616]
Event: 0.567 Thread 0x0000018904dc5800 Exception <a 'sun/nio/fs/WindowsException'{0x000000074f30b688}> (0x000000074f30b688) thrown at [./src/hotspot/share/prims/jni.cpp, line 616]
Event: 0.567 Thread 0x0000018904dc5800 Exception <a 'sun/nio/fs/WindowsException'{0x000000074f30bf28}> (0x000000074f30bf28) thrown at [./src/hotspot/share/prims/jni.cpp, line 616]
Event: 0.567 Thread 0x0000018904dc5800 Exception <a 'sun/nio/fs/WindowsException'{0x000000074f30c6d8}> (0x000000074f30c6d8) thrown at [./src/hotspot/share/prims/jni.cpp, line 616]
Event: 0.567 Thread 0x0000018904dc5800 Exception <a 'sun/nio/fs/WindowsException'{0x000000074f30cc68}> (0x000000074f30cc68) thrown at [./src/hotspot/share/prims/jni.cpp, line 616]
Event: 0.567 Thread 0x0000018904dc5800 Exception <a 'sun/nio/fs/WindowsException'{0x000000074f30d440}> (0x000000074f30d440) thrown at [./src/hotspot/share/prims/jni.cpp, line 616]
Event: 0.569 Thread 0x0000018904dc5800 Exception <a 'sun/nio/fs/WindowsException'{0x000000074f314eb0}> (0x000000074f314eb0) thrown at [./src/hotspot/share/prims/jni.cpp, line 616]
Event: 0.570 Thread 0x0000018904dc5800 Exception <a 'sun/nio/fs/WindowsException'{0x000000074f31e070}> (0x000000074f31e070) thrown at [./src/hotspot/share/prims/jni.cpp, line 616]
Event: 0.570 Thread 0x0000018904dc5800 Exception <a 'sun/nio/fs/WindowsException'{0x000000074f31e478}> (0x000000074f31e478) thrown at [./src/hotspot/share/prims/jni.cpp, line 616]
Event: 0.570 Thread 0x0000018904dc5800 Exception <a 'sun/nio/fs/WindowsException'{0x000000074f31f6a0}> (0x000000074f31f6a0) thrown at [./src/hotspot/share/prims/jni.cpp, line 616]
Event: 0.570 Thread 0x0000018904dc5800 Exception <a 'sun/nio/fs/WindowsException'{0x000000074f31faa8}> (0x000000074f31faa8) thrown at [./src/hotspot/share/prims/jni.cpp, line 616]
Event: 0.570 Thread 0x0000018904dc5800 Exception <a 'sun/nio/fs/WindowsException'{0x000000074f3204f0}> (0x000000074f3204f0) thrown at [./src/hotspot/share/prims/jni.cpp, line 616]
Event: 0.570 Thread 0x0000018904dc5800 Exception <a 'sun/nio/fs/WindowsException'{0x000000074f3208e0}> (0x000000074f3208e0) thrown at [./src/hotspot/share/prims/jni.cpp, line 616]
Event: 0.571 Thread 0x0000018904dc5800 Exception <a 'sun/nio/fs/WindowsException'{0x000000074f326388}> (0x000000074f326388) thrown at [./src/hotspot/share/prims/jni.cpp, line 616]
Event: 0.572 Thread 0x0000018904dc5800 Exception <a 'sun/nio/fs/WindowsException'{0x000000074f32f168}> (0x000000074f32f168) thrown at [./src/hotspot/share/prims/jni.cpp, line 616]
Event: 0.572 Thread 0x0000018904dc5800 Exception <a 'sun/nio/fs/WindowsException'{0x000000074f32f580}> (0x000000074f32f580) thrown at [./src/hotspot/share/prims/jni.cpp, line 616]
Event: 0.575 Thread 0x0000018904dc5800 Exception <a 'sun/nio/fs/WindowsException'{0x000000074f36b090}> (0x000000074f36b090) thrown at [./src/hotspot/share/prims/jni.cpp, line 616]
Event: 0.575 Thread 0x0000018904dc5800 Exception <a 'sun/nio/fs/WindowsException'{0x000000074f374990}> (0x000000074f374990) thrown at [./src/hotspot/share/prims/jni.cpp, line 616]
Event: 0.575 Thread 0x0000018904dc5800 Exception <a 'sun/nio/fs/WindowsException'{0x000000074f374da8}> (0x000000074f374da8) thrown at [./src/hotspot/share/prims/jni.cpp, line 616]

Events (20 events):
Event: 0.540 loading class kotlin/text/StringsKt__AppendableKt
Event: 0.540 loading class kotlin/text/StringsKt__AppendableKt done
Event: 0.541 Loaded shared library C:\Program Files\Unity\Hub\Editor\2022.3.9f1\Editor\Data\PlaybackEngines\AndroidPlayer\OpenJDK\bin\zip.dll
Event: 0.542 loading class com/google/common/collect/ComparisonChain
Event: 0.542 loading class com/google/common/collect/ComparisonChain done
Event: 0.542 loading class com/google/common/collect/ComparisonChain$1
Event: 0.542 loading class com/google/common/collect/ComparisonChain$1 done
Event: 0.543 loading class com/google/common/collect/ComparisonChain$InactiveComparisonChain
Event: 0.543 loading class com/google/common/collect/ComparisonChain$InactiveComparisonChain done
Event: 0.548 loading class java/util/concurrent/ConcurrentLinkedQueue$Itr
Event: 0.548 loading class java/util/concurrent/ConcurrentLinkedQueue$Itr done
Event: 0.548 loading class com/android/repository/impl/meta/RepositoryPackages
Event: 0.548 loading class com/android/repository/impl/meta/RepositoryPackages done
Event: 0.548 loading class com/android/repository/impl/meta/RepositoryPackages
Event: 0.548 loading class com/android/repository/impl/meta/RepositoryPackages done
Event: 0.548 loading class com/android/sdklib/repository/AndroidSdkHandler
Event: 0.548 loading class com/android/sdklib/repository/AndroidSdkHandler done
Event: 0.548 loading class com/android/repository/api/RepoManager$RepoLoadedListener
Event: 0.548 loading class com/android/repository/api/RepoManager$RepoLoadedListener done
Event: 0.563 Loaded shared library C:\Program Files\Unity\Hub\Editor\2022.3.9f1\Editor\Data\PlaybackEngines\AndroidPlayer\OpenJDK\bin\nio.dll


Dynamic libraries:
0x00007ff619780000 - 0x00007ff61978d000 	C:\Program Files\Unity\Hub\Editor\2022.3.9f1\Editor\Data\PlaybackEngines\AndroidPlayer\OpenJDK\bin\java.exe
0x00007ffdffb30000 - 0x00007ffdffd28000 	C:\Windows\SYSTEM32\ntdll.dll
0x00007ffdff700000 - 0x00007ffdff7c1000 	C:\Windows\System32\KERNEL32.DLL
0x00007ffdfd860000 - 0x00007ffdfdb5d000 	C:\Windows\System32\KERNELBASE.dll
0x00007ffdfd3c0000 - 0x00007ffdfd4c0000 	C:\Windows\System32\ucrtbase.dll
0x00007ffdbcef0000 - 0x00007ffdbcf05000 	C:\Program Files\Unity\Hub\Editor\2022.3.9f1\Editor\Data\PlaybackEngines\AndroidPlayer\OpenJDK\bin\VCRUNTIME140.dll
0x00007ffdcac90000 - 0x00007ffdcaca7000 	C:\Program Files\Unity\Hub\Editor\2022.3.9f1\Editor\Data\PlaybackEngines\AndroidPlayer\OpenJDK\bin\jli.dll
0x00007ffdfec50000 - 0x00007ffdfeded000 	C:\Windows\System32\USER32.dll
0x00007ffdf08a0000 - 0x00007ffdf0b3a000 	C:\Windows\WinSxS\amd64_microsoft.windows.common-controls_6595b64144ccf1df_6.0.19041.4355_none_60b8b9eb71f62e16\COMCTL32.dll
0x00007ffdfd300000 - 0x00007ffdfd322000 	C:\Windows\System32\win32u.dll
0x00007ffdfedf0000 - 0x00007ffdfee1b000 	C:\Windows\System32\GDI32.dll
0x00007ffdfd740000 - 0x00007ffdfd857000 	C:\Windows\System32\gdi32full.dll
0x00007ffdff880000 - 0x00007ffdff91e000 	C:\Windows\System32\msvcrt.dll
0x00007ffdfd260000 - 0x00007ffdfd2fd000 	C:\Windows\System32\msvcp_win.dll
0x00007ffdfe450000 - 0x00007ffdfe47f000 	C:\Windows\System32\IMM32.DLL
0x00007ffd92c80000 - 0x00007ffd92d1b000 	C:\Program Files\Unity\Hub\Editor\2022.3.9f1\Editor\Data\PlaybackEngines\AndroidPlayer\OpenJDK\bin\msvcp140.dll
0x00007ffd6a610000 - 0x00007ffd6b191000 	C:\Program Files\Unity\Hub\Editor\2022.3.9f1\Editor\Data\PlaybackEngines\AndroidPlayer\OpenJDK\bin\server\jvm.dll
0x00007ffdff920000 - 0x00007ffdff9d0000 	C:\Windows\System32\ADVAPI32.dll
0x00007ffdffa50000 - 0x00007ffdffaf0000 	C:\Windows\System32\sechost.dll
0x00007ffdfe610000 - 0x00007ffdfe733000 	C:\Windows\System32\RPCRT4.dll
0x00007ffdfd230000 - 0x00007ffdfd257000 	C:\Windows\System32\bcrypt.dll
0x00007ffdfe820000 - 0x00007ffdfe828000 	C:\Windows\System32\PSAPI.DLL
0x00007ffdbf700000 - 0x00007ffdbf709000 	C:\Windows\SYSTEM32\WSOCK32.dll
0x00007ffded920000 - 0x00007ffded947000 	C:\Windows\SYSTEM32\WINMM.dll
0x00007ffdf3990000 - 0x00007ffdf399a000 	C:\Windows\SYSTEM32\VERSION.dll
0x00007ffdfe5a0000 - 0x00007ffdfe60b000 	C:\Windows\System32\WS2_32.dll
0x00007ffdfb090000 - 0x00007ffdfb0a2000 	C:\Windows\SYSTEM32\kernel.appcore.dll
0x00007ffdbcd70000 - 0x00007ffdbcd80000 	C:\Program Files\Unity\Hub\Editor\2022.3.9f1\Editor\Data\PlaybackEngines\AndroidPlayer\OpenJDK\bin\verify.dll
0x00007ffdfa930000 - 0x00007ffdfab14000 	C:\Windows\SYSTEM32\DBGHELP.DLL
0x00007ffde8210000 - 0x00007ffde8244000 	C:\Windows\SYSTEM32\dbgcore.DLL
0x00007ffdfd330000 - 0x00007ffdfd3b2000 	C:\Windows\System32\bcryptPrimitives.dll
0x00007ffdb6d40000 - 0x00007ffdb6d68000 	C:\Program Files\Unity\Hub\Editor\2022.3.9f1\Editor\Data\PlaybackEngines\AndroidPlayer\OpenJDK\bin\java.dll
0x00007ffdbcd60000 - 0x00007ffdbcd6a000 	C:\Program Files\Unity\Hub\Editor\2022.3.9f1\Editor\Data\PlaybackEngines\AndroidPlayer\OpenJDK\bin\jimage.dll
0x00007ffdb83b0000 - 0x00007ffdb83c8000 	C:\Program Files\Unity\Hub\Editor\2022.3.9f1\Editor\Data\PlaybackEngines\AndroidPlayer\OpenJDK\bin\zip.dll
0x00007ffdfdce0000 - 0x00007ffdfe44f000 	C:\Windows\System32\SHELL32.dll
0x00007ffdfb220000 - 0x00007ffdfb9c3000 	C:\Windows\SYSTEM32\windows.storage.dll
0x00007ffdff340000 - 0x00007ffdff693000 	C:\Windows\System32\combase.dll
0x00007ffdfcc10000 - 0x00007ffdfcc3e000 	C:\Windows\SYSTEM32\Wldp.dll
0x00007ffdfe830000 - 0x00007ffdfe8fd000 	C:\Windows\System32\OLEAUT32.dll
0x00007ffdfe480000 - 0x00007ffdfe52d000 	C:\Windows\System32\SHCORE.dll
0x00007ffdfebf0000 - 0x00007ffdfec45000 	C:\Windows\System32\shlwapi.dll
0x00007ffdfd110000 - 0x00007ffdfd134000 	C:\Windows\SYSTEM32\profapi.dll
0x00007ffd98150000 - 0x00007ffd98169000 	C:\Program Files\Unity\Hub\Editor\2022.3.9f1\Editor\Data\PlaybackEngines\AndroidPlayer\OpenJDK\bin\net.dll
0x00007ffdf6bb0000 - 0x00007ffdf6cbd000 	C:\Windows\SYSTEM32\WINHTTP.dll
0x00007ffdfc970000 - 0x00007ffdfc9da000 	C:\Windows\system32\mswsock.dll
0x00007ffd97ba0000 - 0x00007ffd97bb3000 	C:\Program Files\Unity\Hub\Editor\2022.3.9f1\Editor\Data\PlaybackEngines\AndroidPlayer\OpenJDK\bin\nio.dll

dbghelp: loaded successfully - version: 4.0.5 - missing functions: none
symbol engine: initialized successfully - sym options: 0x614 - pdb path: .;C:\Program Files\Unity\Hub\Editor\2022.3.9f1\Editor\Data\PlaybackEngines\AndroidPlayer\OpenJDK\bin;C:\Windows\SYSTEM32;C:\Windows\WinSxS\amd64_microsoft.windows.common-controls_6595b64144ccf1df_6.0.19041.4355_none_60b8b9eb71f62e16;C:\Program Files\Unity\Hub\Editor\2022.3.9f1\Editor\Data\PlaybackEngines\AndroidPlayer\OpenJDK\bin\server

VM Arguments:
jvm_args: -Dfile.encoding=UTF-8 -Dcom.android.sdklib.toolsdir=C:\Program Files\Unity\Hub\Editor\2022.3.9f1\Editor\Data\PlaybackEngines\AndroidPlayer\SDK\cmdline-tools\6.0\bin\\.. 
java_command: com.android.sdklib.tool.sdkmanager.SdkManagerCli --list
java_class_path (initial): C:\Program Files\Unity\Hub\Editor\2022.3.9f1\Editor\Data\PlaybackEngines\AndroidPlayer\SDK\cmdline-tools\6.0\bin\..\lib\sdkmanager-classpath.jar
Launcher Type: SUN_STANDARD

[Global flags]
     intx CICompilerCount                          = 4                                         {product} {ergonomic}
     uint ConcGCThreads                            = 2                                         {product} {ergonomic}
     uint G1ConcRefinementThreads                  = 8                                         {product} {ergonomic}
   size_t G1HeapRegionSize                         = 1048576                                   {product} {ergonomic}
    uintx GCDrainStackTargetSize                   = 64                                        {product} {ergonomic}
   size_t InitialHeapSize                          = 197132288                                 {product} {ergonomic}
   size_t MarkStackSize                            = 4194304                                   {product} {ergonomic}
   size_t MaxHeapSize                              = 3141533696                                {product} {ergonomic}
   size_t MaxNewSize                               = 1884291072                                {product} {ergonomic}
   size_t MinHeapDeltaBytes                        = 1048576                                   {product} {ergonomic}
    uintx NonNMethodCodeHeapSize                   = 5836300                                {pd product} {ergonomic}
    uintx NonProfiledCodeHeapSize                  = 122910970                              {pd product} {ergonomic}
    uintx ProfiledCodeHeapSize                     = 122910970                              {pd product} {ergonomic}
    uintx ReservedCodeCacheSize                    = 251658240                              {pd product} {ergonomic}
     bool SegmentedCodeCache                       = true                                      {product} {ergonomic}
     bool UseCompressedClassPointers               = true                                 {lp64_product} {ergonomic}
     bool UseCompressedOops                        = true                                 {lp64_product} {ergonomic}
     bool UseG1GC                                  = true                                      {product} {ergonomic}
     bool UseLargePagesIndividualAllocation        = false                                  {pd product} {ergonomic}

Logging:
Log output configuration:
 #0: stdout all=warning uptime,level,tags
 #1: stderr all=off uptime,level,tags

Environment Variables:
JAVA_HOME=C:\Program Files\Unity\Hub\Editor\2022.3.9f1\Editor\Data\PlaybackEngines\AndroidPlayer\OpenJDK
JAVA_TOOL_OPTIONS=-Dfile.encoding=UTF-8
CLASSPATH=C:\Program Files\Unity\Hub\Editor\2022.3.9f1\Editor\Data\PlaybackEngines\AndroidPlayer\SDK\cmdline-tools\6.0\bin\..\lib\sdkmanager-classpath.jar
PATH=C:\Program Files\Rockwell Software\RSCommon;C:\Program Files\Common Files\Oracle\Java\javapath;C:\Program Files (x86)\Common Files\Oracle\Java\javapath;C:\ProgramData\Oracle\Java\javapath;C:\Windows\system32;C:\Windows;C:\Windows\System32\Wbem;C:\Windows\System32\WindowsPowerShell\v1.0\;C:\Windows\System32\OpenSSH\;C:\Program Files (x86)\NVIDIA Corporation\PhysX\Common;C:\Program Files\NVIDIA Corporation\NVIDIA NvDLISR;C:\Program Files\Calibre2\;c:\Program Files (x86)\Microsoft SQL Server\90\Tools\binn\;C:\Program Files\dotnet\;C:\Program Files (x86)\Windows Kits\10\Windows Performance Toolkit\;C:\Program Files\Git\cmd;C:\Ruby32-x64\bin;C:\Users\Andrei\AppData\Local\Programs\Python\Python39\Scripts\;C:\Users\Andrei\AppData\Local\Programs\Python\Python39\;C:\Users\Andrei\AppData\Local\Microsoft\WindowsApps;C:\php;C:\Users\Andrei\AppData\Local\Programs\Microsoft VS Code\bin;C:\Users\Andrei\.dotnet\tools;C:\Users\Andrei\AppData\Local\GitHubDesktop\bin
USERNAME=Andrei
OS=Windows_NT
PROCESSOR_IDENTIFIER=Intel64 Family 6 Model 140 Stepping 1, GenuineIntel



---------------  S Y S T E M  ---------------

OS: Windows 10 , 64 bit Build 19041 (10.0.19041.4842)
OS uptime: 5 days 2:29 hours
Hyper-V role detected

CPU:total 8 (initial active 8) (4 cores per cpu, 2 threads per core) family 6 model 140 stepping 1 microcode 0x86, cmov, cx8, fxsr, mmx, sse, sse2, sse3, ssse3, sse4.1, sse4.2, popcnt, avx, avx2, aes, clmul, erms, 3dnowpref, lzcnt, ht, tsc, tscinvbit, bmi1, bmi2, adx, evex, sha, fma

Memory: 4k page, system-wide physical 11982M (538M free)
TotalPageFile size 48846M (AvailPageFile size 3M)
current process WorkingSet (physical memory assigned to process): 79M, peak: 79M
current process commit charge ("private bytes"): 287M, peak: 287M

vm_info: OpenJDK 64-Bit Server VM (11.0.14.1+1) for windows-amd64 JRE (11.0.14.1+1), built on Feb  9 2022 01:48:27 by "" with unknown MS VC++:1916

END.
